=== Suite started at 2017-03-01 11:02:21
=== Starting test, 1 test cases
=cases         1
=user          marvin
=host          10
=hosts         10 
=emulator_vsn  8.1
=emulator      beam
=otp_release   19
=started       2017-03-01 11:02:21
=case          ct_framework:init_per_suite
=logfile       ct_framework.init_per_suite.html
=group_props   [{suite,dungeon_base_SUITE}]
=started       2017-03-01 11:02:21
=ended         2017-03-01 11:02:21
=result        ok
=elapsed       1.0e-6
=case          dungeon_base_SUITE:add_new_player_test
=logfile       dungeon_base_suite.add_new_player_test.html
=started       2017-03-01 11:02:21
=ended         2017-03-01 11:02:21
=result        failed: {undef,
                           [{dungeon_base_SUITE,add_new_player_test,
                                [[{watchdog,<0.118.0>},
                                  {tc_logfile,
                                      "/Users/marvin/Github/menomosso/dungeon_base/ct_run.ct@10.2017-03-01_11.02.21/menomosso.dungeon_base.dungeon_base_SUITE.logs/run.2017-03-01_11.02.21/dungeon_base_suite.add_new_player_test.html"},
                                  {tc_group_properties,
                                      [{suite,dungeon_base_SUITE}]},
                                  {tc_group_path,[]},
                                  {data_dir,
                                      "/Users/marvin/Github/menomosso/dungeon_base/test/dungeon_base_SUITE_data/"},
                                  {priv_dir,
                                      "/Users/marvin/Github/menomosso/dungeon_base/ct_run.ct@10.2017-03-01_11.02.21/menomosso.dungeon_base.dungeon_base_SUITE.logs/run.2017-03-01_11.02.21/log_private/"}]],
                                []},
                            {test_server,ts_tc,3,
                                [{file,"test_server.erl"},{line,1529}]},
                            {test_server,run_test_case_eval1,6,
                                [{file,"test_server.erl"},{line,1045}]},
                            {test_server,run_test_case_eval,9,
                                [{file,"test_server.erl"},{line,977}]}]}, [{dungeon_base_SUITE,
                                                                            add_new_player_test},
                                                                           {test_server,
                                                                            ts_tc,
                                                                            1529},
                                                                           {test_server,
                                                                            run_test_case_eval1,
                                                                            1045},
                                                                           {test_server,
                                                                            run_test_case_eval,
                                                                            977}]
=== *** FAILED test case 1 of 1 ***
=case          ct_framework:end_per_suite
=logfile       ct_framework.end_per_suite.html
=group_props   [{suite,dungeon_base_SUITE}]
=started       2017-03-01 11:02:21
=ended         2017-03-01 11:02:21
=result        ok
=elapsed       1.0e-6
=group_time    0.059s
=== TEST COMPLETE, 0 ok, 1 failed of 1 test cases

=finished      2017-03-01 11:02:21
=failed        1
=successful    0
=user_skipped  0
=auto_skipped  0
